Using pre-set license
Built from '2020.2/release' branch; Version is '2020.2.2f1 (068178b99f32) revision 426360'; Using compiler version '192528614'; Build Type 'Release'
OS: 'Windows 10 Home; OS build 19042.985; Version 2009; 64bit' Language: 'ko' Physical Memory: 16315 MB
BatchMode: 1, IsHumanControllingUs: 0, StartBugReporterOnCrash: 0, Is64bit: 1, IsPro: 0

 COMMAND LINE ARGUMENTS:
D:\2020.2.2f1\Editor\Unity.exe
-adb2
-batchMode
-noUpm
-name
AssetImportWorker0
-projectPath
C:/Unity/inside_out/InsideOut/ani/gameteam2
-logFile
Logs/AssetImportWorker0.log
-srvPort
49678
Successfully changed project path to: C:/Unity/inside_out/InsideOut/ani/gameteam2
C:/Unity/inside_out/InsideOut/ani/gameteam2
Using Asset Import Pipeline V2.
Refreshing native plugins compatible for Editor in 55.00 ms, found 2 plugins.
Preloading 0 native plugins for Editor in 0.00 ms.
Initialize engine version: 2020.2.2f1 (068178b99f32)
[Subsystems] Discovering subsystems at path D:/2020.2.2f1/Editor/Data/Resources/UnitySubsystems
[Subsystems] Discovering subsystems at path C:/Unity/inside_out/InsideOut/ani/gameteam2/Assets
GfxDevice: creating device client; threaded=0
Direct3D:
    Version:  Direct3D 11.0 [level 11.1]
    Renderer: NVIDIA GeForce RTX 2060 (ID=0x1f08)
    Vendor:   
    VRAM:     5980 MB
    Driver:   27.21.14.6627
Initialize mono
Mono path[0] = 'D:/2020.2.2f1/Editor/Data/Managed'
Mono path[1] = 'D:/2020.2.2f1/Editor/Data/MonoBleedingEdge/lib/mono/unityjit'
Mono config path = 'D:/2020.2.2f1/Editor/Data/MonoBleedingEdge/etc'
Using monoOptions --debugger-agent=transport=dt_socket,embedding=1,server=y,suspend=n,address=127.0.0.1:56980
Begin MonoManager ReloadAssembly
Registering precompiled unity dll's ...
Register platform support module: D:/2020.2.2f1/Editor/Data/PlaybackEngines/WebGLSupport/UnityEditor.WebGL.Extensions.dll
Register platform support module: D:/2020.2.2f1/Editor/Data/PlaybackEngines/WindowsStandaloneSupport/UnityEditor.WindowsStandalone.Extensions.dll
Registered in 0.001859 seconds.
Native extension for WindowsStandalone target not found
Native extension for WebGL target not found
Refreshing native plugins compatible for Editor in 41.32 ms, found 2 plugins.
Preloading 0 native plugins for Editor in 0.00 ms.
Invoked RoslynAnalysisRunner static constructor.
RoslynAnalysisRunner will not be running.
RoslynAnalysisRunner has terminated.
Mono: successfully reloaded assembly
- Completed reload, in  5.461 seconds
Platform modules already initialized, skipping
Registering precompiled user dll's ...
Registered in 0.013614 seconds.
Begin MonoManager ReloadAssembly
Native extension for WindowsStandalone target not found
Native extension for WebGL target not found
Refreshing native plugins compatible for Editor in 44.33 ms, found 2 plugins.
Preloading 0 native plugins for Editor in 0.00 ms.
Invoked RoslynAnalysisRunner static constructor.
RoslynAnalysisRunner will not be running.
RoslynAnalysisRunner has terminated.
Mono: successfully reloaded assembly
- Completed reload, in  1.191 seconds
Platform modules already initialized, skipping
========================================================================
Worker process is ready to serve import requests
Launched and connected shader compiler UnityShaderCompiler.exe after 0.06 seconds
Refreshing native plugins compatible for Editor in 0.50 ms, found 2 plugins.
Preloading 0 native plugins for Editor in 0.00 ms.
Unloading 1967 Unused Serialized files (Serialized files now loaded: 0)
System memory in use before: 93.3 MB.
System memory in use after: 93.2 MB.

Unloading 41 unused Assets to reduce memory usage. Loaded Objects now: 2429.
Total: 3.152500 ms (FindLiveObjects: 0.440900 ms CreateObjectMapping: 0.086000 ms MarkObjects: 2.462000 ms  DeleteObjects: 0.161200 ms)

========================================================================
Received Import Request.
  path: Assets/Ani/Player_walk/Player_Idle 1.controller
  artifactKey: Guid(838e91f48c60642458bf9ec257f09301) Importer(815301076,1909f56bfc062723c751e8b465ee728b)
Start importing Assets/Ani/Player_walk/Player_Idle 1.controller using Guid(838e91f48c60642458bf9ec257f09301) Importer(815301076,1909f56bfc062723c751e8b465ee728b)  -> (artifact id: '9797b7284d91ba9f1f77b26591d1a7d1') in 0.041619 seconds
  Import took 0.046230 seconds .

========================================================================
Received Import Request.
  Time since last request: 700.982924 seconds.
  path: Assets/Ani/Player_Ladder/chr_up/Chr_up_0001.controller
  artifactKey: Guid(70c7d9ec858b0b443a29878ec7415fd7) Importer(815301076,1909f56bfc062723c751e8b465ee728b)
Start importing Assets/Ani/Player_Ladder/chr_up/Chr_up_0001.controller using Guid(70c7d9ec858b0b443a29878ec7415fd7) Importer(815301076,1909f56bfc062723c751e8b465ee728b)  -> (artifact id: 'bf5e41eb61f1ecc3e59eadd6bba8ee9a') in 0.011073 seconds
  Import took 0.017921 seconds .

========================================================================
Received Import Request.
  Time since last request: 0.871509 seconds.
  path: Assets/Ani/Player_Ladder/chr_up/Chr_up_0001 1.controller
  artifactKey: Guid(d058b5d9d9a85a34cb5636650462dceb) Importer(815301076,1909f56bfc062723c751e8b465ee728b)
Start importing Assets/Ani/Player_Ladder/chr_up/Chr_up_0001 1.controller using Guid(d058b5d9d9a85a34cb5636650462dceb) Importer(815301076,1909f56bfc062723c751e8b465ee728b)  -> (artifact id: '273a177bf42b34675874bc6aceea516e') in 0.009388 seconds
  Import took 0.016891 seconds .

========================================================================
Received Import Request.
  Time since last request: 7.006590 seconds.
  path: Assets/Ani/Player_Ladder/chr_up/Player_Ladder_Idle.anim
  artifactKey: Guid(e0ce2a3e8dbb27843958297b1fae0166) Importer(815301076,1909f56bfc062723c751e8b465ee728b)
Start importing Assets/Ani/Player_Ladder/chr_up/Player_Ladder_Idle.anim using Guid(e0ce2a3e8dbb27843958297b1fae0166) Importer(815301076,1909f56bfc062723c751e8b465ee728b)  -> (artifact id: '5bf6f161fc271f87746a06c082de0889') in 0.012355 seconds
  Import took 0.017505 seconds .

AssetImportWorkerClient::OnTransportError - code=2 error=End of file
