Using pre-set license
Built from '2020.2/release' branch; Version is '2020.2.2f1 (068178b99f32) revision 426360'; Using compiler version '192528614'; Build Type 'Release'
OS: 'Windows 10 Home; OS build 19042.985; Version 2009; 64bit' Language: 'ko' Physical Memory: 16315 MB
BatchMode: 1, IsHumanControllingUs: 0, StartBugReporterOnCrash: 0, Is64bit: 1, IsPro: 0

 COMMAND LINE ARGUMENTS:
D:\2020.2.2f1\Editor\Unity.exe
-adb2
-batchMode
-noUpm
-name
AssetImportWorker0
-projectPath
C:/Unity/inside_out/InsideOut/gameteam2/InsideOut-main/gameteam2
-logFile
Logs/AssetImportWorker0.log
-srvPort
50518
Successfully changed project path to: C:/Unity/inside_out/InsideOut/gameteam2/InsideOut-main/gameteam2
C:/Unity/inside_out/InsideOut/gameteam2/InsideOut-main/gameteam2
Using Asset Import Pipeline V2.
Refreshing native plugins compatible for Editor in 44.97 ms, found 2 plugins.
Preloading 0 native plugins for Editor in 0.00 ms.
Initialize engine version: 2020.2.2f1 (068178b99f32)
[Subsystems] Discovering subsystems at path D:/2020.2.2f1/Editor/Data/Resources/UnitySubsystems
[Subsystems] Discovering subsystems at path C:/Unity/inside_out/InsideOut/gameteam2/InsideOut-main/gameteam2/Assets
GfxDevice: creating device client; threaded=0
Direct3D:
    Version:  Direct3D 11.0 [level 11.1]
    Renderer: NVIDIA GeForce RTX 2060 (ID=0x1f08)
    Vendor:   
    VRAM:     5980 MB
    Driver:   27.21.14.6627
Initialize mono
Mono path[0] = 'D:/2020.2.2f1/Editor/Data/Managed'
Mono path[1] = 'D:/2020.2.2f1/Editor/Data/MonoBleedingEdge/lib/mono/unityjit'
Mono config path = 'D:/2020.2.2f1/Editor/Data/MonoBleedingEdge/etc'
Using monoOptions --debugger-agent=transport=dt_socket,embedding=1,server=y,suspend=n,address=127.0.0.1:56232
Begin MonoManager ReloadAssembly
Registering precompiled unity dll's ...
Register platform support module: D:/2020.2.2f1/Editor/Data/PlaybackEngines/WebGLSupport/UnityEditor.WebGL.Extensions.dll
Register platform support module: D:/2020.2.2f1/Editor/Data/PlaybackEngines/WindowsStandaloneSupport/UnityEditor.WindowsStandalone.Extensions.dll
Registered in 0.001778 seconds.
Native extension for WindowsStandalone target not found
Native extension for WebGL target not found
Refreshing native plugins compatible for Editor in 39.16 ms, found 2 plugins.
Preloading 0 native plugins for Editor in 0.00 ms.
Invoked RoslynAnalysisRunner static constructor.
RoslynAnalysisRunner will not be running.
RoslynAnalysisRunner has terminated.
Mono: successfully reloaded assembly
- Completed reload, in  2.806 seconds
Platform modules already initialized, skipping
Registering precompiled user dll's ...
Registered in 0.011543 seconds.
Begin MonoManager ReloadAssembly
Native extension for WindowsStandalone target not found
Native extension for WebGL target not found
Refreshing native plugins compatible for Editor in 40.75 ms, found 2 plugins.
Preloading 0 native plugins for Editor in 0.00 ms.
Invoked RoslynAnalysisRunner static constructor.
RoslynAnalysisRunner will not be running.
RoslynAnalysisRunner has terminated.
Mono: successfully reloaded assembly
- Completed reload, in  1.086 seconds
Platform modules already initialized, skipping
========================================================================
Worker process is ready to serve import requests
Launched and connected shader compiler UnityShaderCompiler.exe after 0.05 seconds
Refreshing native plugins compatible for Editor in 0.49 ms, found 2 plugins.
Preloading 0 native plugins for Editor in 0.00 ms.
Unloading 1967 Unused Serialized files (Serialized files now loaded: 0)
System memory in use before: 93.3 MB.
System memory in use after: 93.2 MB.

Unloading 41 unused Assets to reduce memory usage. Loaded Objects now: 2429.
Total: 2.404800 ms (FindLiveObjects: 0.269900 ms CreateObjectMapping: 0.046000 ms MarkObjects: 1.943300 ms  DeleteObjects: 0.144000 ms)

========================================================================
Received Import Request.
  path: Assets/Sprite/Monster/Enemies_Walk/ChomperWalk_00005.png
  artifactKey: Guid(2086a015cd09cf947b0067a09e41a4ad) Importer(815301076,1909f56bfc062723c751e8b465ee728b)
Start importing Assets/Sprite/Monster/Enemies_Walk/ChomperWalk_00005.png using Guid(2086a015cd09cf947b0067a09e41a4ad) Importer(815301076,1909f56bfc062723c751e8b465ee728b)  -> (artifact id: 'df2c5ad16ef5ba5f59715f7cd7afdf15') in 0.131590 seconds
  Import took 0.134739 seconds .

========================================================================
Received Import Request.
  Time since last request: 0.000275 seconds.
  path: Assets/Sprite/Monster/Enemies_Walk/ChomperWalk_00013.png
  artifactKey: Guid(a18247a4c006c9b4387dd242427d81fd) Importer(815301076,1909f56bfc062723c751e8b465ee728b)
Start importing Assets/Sprite/Monster/Enemies_Walk/ChomperWalk_00013.png using Guid(a18247a4c006c9b4387dd242427d81fd) Importer(815301076,1909f56bfc062723c751e8b465ee728b)  -> (artifact id: 'd60d1b18e88b0d41753eaae7829ba978') in 0.014923 seconds
  Import took 0.017856 seconds .

========================================================================
Received Import Request.
  Time since last request: 0.000271 seconds.
  path: Assets/Sprite/Monster/Enemies_Walk/ChomperWalk_00011.png
  artifactKey: Guid(f0d57edf637bec1448f15c8df9d4a420) Importer(815301076,1909f56bfc062723c751e8b465ee728b)
Start importing Assets/Sprite/Monster/Enemies_Walk/ChomperWalk_00011.png using Guid(f0d57edf637bec1448f15c8df9d4a420) Importer(815301076,1909f56bfc062723c751e8b465ee728b)  -> (artifact id: '2d303283d70ea1902f806b036eeea79b') in 0.022001 seconds
  Import took 0.024792 seconds .

========================================================================
Received Import Request.
  Time since last request: 0.000255 seconds.
  path: Assets/Sprite/Monster/Enemies_Walk/ChomperWalk_00009.png
  artifactKey: Guid(9be65c4d933fa444abf8ae3a0f782933) Importer(815301076,1909f56bfc062723c751e8b465ee728b)
Start importing Assets/Sprite/Monster/Enemies_Walk/ChomperWalk_00009.png using Guid(9be65c4d933fa444abf8ae3a0f782933) Importer(815301076,1909f56bfc062723c751e8b465ee728b)  -> (artifact id: '64a54687e2d03758ce2fcab05b604ad7') in 0.019499 seconds
  Import took 0.022474 seconds .

========================================================================
Received Import Request.
  Time since last request: 0.000253 seconds.
  path: Assets/Sprite/Monster/Enemies_Walk/ChomperWalk_00003.png
  artifactKey: Guid(8678fa2f2157fee4f89eca96dac3b2ff) Importer(815301076,1909f56bfc062723c751e8b465ee728b)
Start importing Assets/Sprite/Monster/Enemies_Walk/ChomperWalk_00003.png using Guid(8678fa2f2157fee4f89eca96dac3b2ff) Importer(815301076,1909f56bfc062723c751e8b465ee728b)  -> (artifact id: 'b3f17ade12267e703c7ae3a51164575a') in 0.015845 seconds
  Import took 0.018926 seconds .

========================================================================
Received Import Request.
  Time since last request: 0.000298 seconds.
  path: Assets/Sprite/Monster/Enemies_Walk/ChomperWalk_00015.png
  artifactKey: Guid(6fad1a430cf6ac3429f91616f00d6230) Importer(815301076,1909f56bfc062723c751e8b465ee728b)
Start importing Assets/Sprite/Monster/Enemies_Walk/ChomperWalk_00015.png using Guid(6fad1a430cf6ac3429f91616f00d6230) Importer(815301076,1909f56bfc062723c751e8b465ee728b)  -> (artifact id: '8027dc5408d29960beede8f64d918aa6') in 0.026337 seconds
  Import took 0.029601 seconds .

========================================================================
Received Import Request.
  Time since last request: 0.000278 seconds.
  path: Assets/Sprite/Monster/Enemies_Walk/ChomperWalk_00019.png
  artifactKey: Guid(ebd5f2a61076b0e4888afef89f3d1e3c) Importer(815301076,1909f56bfc062723c751e8b465ee728b)
Start importing Assets/Sprite/Monster/Enemies_Walk/ChomperWalk_00019.png using Guid(ebd5f2a61076b0e4888afef89f3d1e3c) Importer(815301076,1909f56bfc062723c751e8b465ee728b)  -> (artifact id: '82938548707b115f4fe913c5ce2ff3ab') in 0.016773 seconds
  Import took 0.019997 seconds .

========================================================================
Received Import Request.
  Time since last request: 0.000325 seconds.
  path: Assets/Sprite/Monster/Enemies_Walk/ChomperWalk_00007.png
  artifactKey: Guid(0352bd72da1942c47836f467e4b2f65e) Importer(815301076,1909f56bfc062723c751e8b465ee728b)
Start importing Assets/Sprite/Monster/Enemies_Walk/ChomperWalk_00007.png using Guid(0352bd72da1942c47836f467e4b2f65e) Importer(815301076,1909f56bfc062723c751e8b465ee728b)  -> (artifact id: '08ad1564e6366c8715f3985c3f89df6a') in 0.015856 seconds
  Import took 0.018733 seconds .

========================================================================
Received Import Request.
  Time since last request: 0.000262 seconds.
  path: Assets/Sprite/Monster/Enemies_Walk/ChomperWalk_00017.png
  artifactKey: Guid(8efc981a709d7a64086e7ace7988a973) Importer(815301076,1909f56bfc062723c751e8b465ee728b)
Start importing Assets/Sprite/Monster/Enemies_Walk/ChomperWalk_00017.png using Guid(8efc981a709d7a64086e7ace7988a973) Importer(815301076,1909f56bfc062723c751e8b465ee728b)  -> (artifact id: '9583c399b4955abd3103295c1c230351') in 0.024226 seconds
  Import took 0.027070 seconds .

========================================================================
Received Import Request.
  Time since last request: 0.000242 seconds.
  path: Assets/Sprite/Monster/Enemies_Walk/ChomperWalk_00001.png
  artifactKey: Guid(c72f81d805d018244bb331e987b38c4c) Importer(815301076,1909f56bfc062723c751e8b465ee728b)
Start importing Assets/Sprite/Monster/Enemies_Walk/ChomperWalk_00001.png using Guid(c72f81d805d018244bb331e987b38c4c) Importer(815301076,1909f56bfc062723c751e8b465ee728b)  -> (artifact id: 'ce0c32b4f5e86d5d238ea2effcf433f8') in 0.017180 seconds
  Import took 0.020185 seconds .

========================================================================
Received Import Request.
  Time since last request: 266.884317 seconds.
  path: Assets/Script/Shelter.cs
  artifactKey: Guid(aea31fe197afffe409d916f20e512b9b) Importer(815301076,1909f56bfc062723c751e8b465ee728b)
Start importing Assets/Script/Shelter.cs using Guid(aea31fe197afffe409d916f20e512b9b) Importer(815301076,1909f56bfc062723c751e8b465ee728b)  -> (artifact id: '4626219f91b03ae7880dfe75b6d0fcc5') in 0.012046 seconds
  Import took 0.015821 seconds .

========================================================================
Received Import Request.
  Time since last request: 8.916044 seconds.
  path: Assets/Install Bolt
  artifactKey: Guid(85eedc2af77918f43ab7418b929f878d) Importer(815301076,1909f56bfc062723c751e8b465ee728b)
Start importing Assets/Install Bolt using Guid(85eedc2af77918f43ab7418b929f878d) Importer(815301076,1909f56bfc062723c751e8b465ee728b)  -> (artifact id: '71fb9b6463169c1140fad38d283075e4') in 0.008640 seconds
  Import took 0.011886 seconds .

AssetImportWorkerClient::OnTransportError - code=2 error=End of file
