Using pre-set license
Built from '2020.2/release' branch; Version is '2020.2.2f1 (068178b99f32) revision 426360'; Using compiler version '192528614'; Build Type 'Release'
OS: 'Windows 10 Education; OS build 18363.1556; Version 1909; 64bit' Language: 'ko' Physical Memory: 16240 MB
BatchMode: 1, IsHumanControllingUs: 0, StartBugReporterOnCrash: 0, Is64bit: 1, IsPro: 0

 COMMAND LINE ARGUMENTS:
C:\Program Files\Unity\Hub\Editor\2020.2.2f1\Editor\Unity.exe
-adb2
-batchMode
-noUpm
-name
AssetImportWorker0
-projectPath
C:/gamework/gameteam2
-logFile
Logs/AssetImportWorker0.log
-srvPort
49990
Successfully changed project path to: C:/gamework/gameteam2
C:/gamework/gameteam2
Using Asset Import Pipeline V2.
Refreshing native plugins compatible for Editor in 78.08 ms, found 2 plugins.
Preloading 0 native plugins for Editor in 0.00 ms.
Initialize engine version: 2020.2.2f1 (068178b99f32)
[Subsystems] Discovering subsystems at path C:/Program Files/Unity/Hub/Editor/2020.2.2f1/Editor/Data/Resources/UnitySubsystems
[Subsystems] Discovering subsystems at path C:/gamework/gameteam2/Assets
GfxDevice: creating device client; threaded=0
Direct3D:
    Version:  Direct3D 11.0 [level 11.1]
    Renderer: NVIDIA GeForce GTX 1660 Ti (ID=0x2191)
    Vendor:   
    VRAM:     5991 MB
    Driver:   27.21.14.6156
Shader 'Universal Render Pipeline/Particles/Lit': fallback shader 'Universal Render Pipeline/Particles/SimpleLit' not found
Initialize mono
Mono path[0] = 'C:/Program Files/Unity/Hub/Editor/2020.2.2f1/Editor/Data/Managed'
Mono path[1] = 'C:/Program Files/Unity/Hub/Editor/2020.2.2f1/Editor/Data/MonoBleedingEdge/lib/mono/unityjit'
Mono config path = 'C:/Program Files/Unity/Hub/Editor/2020.2.2f1/Editor/Data/MonoBleedingEdge/etc'
Using monoOptions --debugger-agent=transport=dt_socket,embedding=1,server=y,suspend=n,address=127.0.0.1:56764
Begin MonoManager ReloadAssembly
Registering precompiled unity dll's ...
Register platform support module: C:/Program Files/Unity/Hub/Editor/2020.2.2f1/Editor/Data/PlaybackEngines/WindowsStandaloneSupport/UnityEditor.WindowsStandalone.Extensions.dll
Registered in 0.005641 seconds.
Native extension for WindowsStandalone target not found
Refreshing native plugins compatible for Editor in 65.11 ms, found 2 plugins.
Preloading 0 native plugins for Editor in 0.00 ms.
Invoked RoslynAnalysisRunner static constructor.
RoslynAnalysisRunner will not be running.
RoslynAnalysisRunner has terminated.
Mono: successfully reloaded assembly
- Completed reload, in  2.864 seconds
Platform modules already initialized, skipping
Registering precompiled user dll's ...
Registered in 0.016884 seconds.
Begin MonoManager ReloadAssembly
Native extension for WindowsStandalone target not found
Refreshing native plugins compatible for Editor in 71.51 ms, found 2 plugins.
Preloading 0 native plugins for Editor in 0.00 ms.
Invoked RoslynAnalysisRunner static constructor.
RoslynAnalysisRunner will not be running.
RoslynAnalysisRunner has terminated.
Mono: successfully reloaded assembly
- Completed reload, in  1.579 seconds
Platform modules already initialized, skipping
========================================================================
Worker process is ready to serve import requests
Shader 'Universal Render Pipeline/Particles/Lit': fallback shader 'Universal Render Pipeline/Particles/SimpleLit' not found
Launched and connected shader compiler UnityShaderCompiler.exe after 0.14 seconds
Refreshing native plugins compatible for Editor in 0.96 ms, found 2 plugins.
Preloading 0 native plugins for Editor in 0.00 ms.
Unloading 3054 Unused Serialized files (Serialized files now loaded: 0)
System memory in use before: 132.6 MB.
System memory in use after: 132.7 MB.

Unloading 42 unused Assets to reduce memory usage. Loaded Objects now: 3516.
Total: 2.714800 ms (FindLiveObjects: 0.269600 ms CreateObjectMapping: 0.143300 ms MarkObjects: 2.119100 ms  DeleteObjects: 0.181500 ms)

========================================================================
Received Import Request.
  path: Assets/Script/Clue.cs
  artifactKey: Guid(fcd2cf8316cbae749ae231c24747817a) Importer(815301076,1909f56bfc062723c751e8b465ee728b)
Start importing Assets/Script/Clue.cs using Guid(fcd2cf8316cbae749ae231c24747817a) Importer(815301076,1909f56bfc062723c751e8b465ee728b)  -> (artifact id: '3fe0e7d218ecc176d6ddb6f3aa24a8cc') in 0.058004 seconds
  Import took 0.064379 seconds .

========================================================================
Received Prepare
Registering precompiled user dll's ...
Registered in 0.016333 seconds.
Begin MonoManager ReloadAssembly
Native extension for WindowsStandalone target not found
Refreshing native plugins compatible for Editor in 0.99 ms, found 2 plugins.
Preloading 0 native plugins for Editor in 0.00 ms.
Invoked RoslynAnalysisRunner static constructor.
RoslynAnalysisRunner will not be running.
RoslynAnalysisRunner has terminated.
Mono: successfully reloaded assembly
- Completed reload, in  1.247 seconds
Platform modules already initialized, skipping
Shader 'Universal Render Pipeline/Particles/Lit': fallback shader 'Universal Render Pipeline/Particles/SimpleLit' not found
Refreshing native plugins compatible for Editor in 0.62 ms, found 2 plugins.
Preloading 0 native plugins for Editor in 0.00 ms.
Unloading 2992 Unused Serialized files (Serialized files now loaded: 0)
System memory in use before: 128.7 MB.
System memory in use after: 128.8 MB.

Unloading 30 unused Assets to reduce memory usage. Loaded Objects now: 3519.
Total: 2.983300 ms (FindLiveObjects: 0.261700 ms CreateObjectMapping: 0.105000 ms MarkObjects: 2.511600 ms  DeleteObjects: 0.103900 ms)

========================================================================
Received Import Request.
  Time since last request: 23.897415 seconds.
  path: Assets/Script/Inventory.cs
  artifactKey: Guid(cf519e3463e2f7e4186b49ca2d87b3b1) Importer(815301076,1909f56bfc062723c751e8b465ee728b)
Start importing Assets/Script/Inventory.cs using Guid(cf519e3463e2f7e4186b49ca2d87b3b1) Importer(815301076,1909f56bfc062723c751e8b465ee728b)  -> (artifact id: '8c7d21b9ef2620e912ec708facaa77cd') in 0.020794 seconds
  Import took 0.029738 seconds .

========================================================================
Received Prepare
Registering precompiled user dll's ...
Registered in 0.024590 seconds.
Begin MonoManager ReloadAssembly
Native extension for WindowsStandalone target not found
Refreshing native plugins compatible for Editor in 0.71 ms, found 2 plugins.
Preloading 0 native plugins for Editor in 0.00 ms.
Invoked RoslynAnalysisRunner static constructor.
RoslynAnalysisRunner will not be running.
RoslynAnalysisRunner has terminated.
Mono: successfully reloaded assembly
- Completed reload, in  1.671 seconds
Platform modules already initialized, skipping
Shader 'Universal Render Pipeline/Particles/Lit': fallback shader 'Universal Render Pipeline/Particles/SimpleLit' not found
Refreshing native plugins compatible for Editor in 0.78 ms, found 2 plugins.
Preloading 0 native plugins for Editor in 0.00 ms.
Unloading 2993 Unused Serialized files (Serialized files now loaded: 0)
System memory in use before: 128.8 MB.
System memory in use after: 128.9 MB.

Unloading 30 unused Assets to reduce memory usage. Loaded Objects now: 3523.
Total: 4.249000 ms (FindLiveObjects: 0.470800 ms CreateObjectMapping: 0.268500 ms MarkObjects: 3.357800 ms  DeleteObjects: 0.149300 ms)

========================================================================
Received Import Request.
  Time since last request: 1075.228534 seconds.
  path: Assets/Script/Slot.cs
  artifactKey: Guid(79c69701b8ad74948b1d31206463e109) Importer(815301076,1909f56bfc062723c751e8b465ee728b)
Start importing Assets/Script/Slot.cs using Guid(79c69701b8ad74948b1d31206463e109) Importer(815301076,1909f56bfc062723c751e8b465ee728b)  -> (artifact id: 'ceac9e45dc7490b6950f361aa3edc6da') in 0.020149 seconds
  Import took 0.029905 seconds .

========================================================================
Received Prepare
Registering precompiled user dll's ...
Registered in 0.089018 seconds.
Begin MonoManager ReloadAssembly
Native extension for WindowsStandalone target not found
Refreshing native plugins compatible for Editor in 0.87 ms, found 2 plugins.
Preloading 0 native plugins for Editor in 0.00 ms.
Invoked RoslynAnalysisRunner static constructor.
RoslynAnalysisRunner will not be running.
RoslynAnalysisRunner has terminated.
Mono: successfully reloaded assembly
- Completed reload, in  1.339 seconds
Platform modules already initialized, skipping
Shader 'Universal Render Pipeline/Particles/Lit': fallback shader 'Universal Render Pipeline/Particles/SimpleLit' not found
Refreshing native plugins compatible for Editor in 0.59 ms, found 2 plugins.
Preloading 0 native plugins for Editor in 0.00 ms.
Unloading 2994 Unused Serialized files (Serialized files now loaded: 0)
System memory in use before: 129.8 MB.
System memory in use after: 129.9 MB.

Unloading 30 unused Assets to reduce memory usage. Loaded Objects now: 3527.
Total: 3.141500 ms (FindLiveObjects: 0.272400 ms CreateObjectMapping: 0.147300 ms MarkObjects: 2.574300 ms  DeleteObjects: 0.146500 ms)

========================================================================
Received Import Request.
  Time since last request: 41.041633 seconds.
  path: Assets/Prefab/Slot.prefab
  artifactKey: Guid(78087e5119c69f543b4249a3425e32c6) Importer(815301076,1909f56bfc062723c751e8b465ee728b)
Start importing Assets/Prefab/Slot.prefab using Guid(78087e5119c69f543b4249a3425e32c6) Importer(815301076,1909f56bfc062723c751e8b465ee728b)  -> (artifact id: 'ecf93be0996d2093e0e4e106c0a2feb0') in 0.046500 seconds
  Import took 0.052876 seconds .

AssetImportWorkerClient::OnTransportError - code=2 error=End of file
