Using pre-set license
Built from '2020.2/release' branch; Version is '2020.2.2f1 (068178b99f32) revision 426360'; Using compiler version '192528614'; Build Type 'Release'
OS: 'Windows 10 Home; OS build 19042.985; Version 2009; 64bit' Language: 'ko' Physical Memory: 16315 MB
BatchMode: 1, IsHumanControllingUs: 0, StartBugReporterOnCrash: 0, Is64bit: 1, IsPro: 0

 COMMAND LINE ARGUMENTS:
D:\2020.2.2f1\Editor\Unity.exe
-adb2
-batchMode
-noUpm
-name
AssetImportWorker0
-projectPath
C:/Unity/inside_out/InsideOut/gameteam2/InsideOut-main/gameteam2 (1)
-logFile
Logs/AssetImportWorker0.log
-srvPort
49397
Successfully changed project path to: C:/Unity/inside_out/InsideOut/gameteam2/InsideOut-main/gameteam2 (1)
C:/Unity/inside_out/InsideOut/gameteam2/InsideOut-main/gameteam2 (1)
Using Asset Import Pipeline V2.
Refreshing native plugins compatible for Editor in 65.71 ms, found 2 plugins.
Preloading 0 native plugins for Editor in 0.00 ms.
Initialize engine version: 2020.2.2f1 (068178b99f32)
[Subsystems] Discovering subsystems at path D:/2020.2.2f1/Editor/Data/Resources/UnitySubsystems
[Subsystems] Discovering subsystems at path C:/Unity/inside_out/InsideOut/gameteam2/InsideOut-main/gameteam2 (1)/Assets
GfxDevice: creating device client; threaded=0
Direct3D:
    Version:  Direct3D 11.0 [level 11.1]
    Renderer: NVIDIA GeForce RTX 2060 (ID=0x1f08)
    Vendor:   
    VRAM:     5980 MB
    Driver:   27.21.14.6627
Shader 'Universal Render Pipeline/Particles/Lit': fallback shader 'Universal Render Pipeline/Particles/SimpleLit' not found
Initialize mono
Mono path[0] = 'D:/2020.2.2f1/Editor/Data/Managed'
Mono path[1] = 'D:/2020.2.2f1/Editor/Data/MonoBleedingEdge/lib/mono/unityjit'
Mono config path = 'D:/2020.2.2f1/Editor/Data/MonoBleedingEdge/etc'
Using monoOptions --debugger-agent=transport=dt_socket,embedding=1,server=y,suspend=n,address=127.0.0.1:56256
Begin MonoManager ReloadAssembly
Registering precompiled unity dll's ...
Register platform support module: D:/2020.2.2f1/Editor/Data/PlaybackEngines/WebGLSupport/UnityEditor.WebGL.Extensions.dll
Register platform support module: D:/2020.2.2f1/Editor/Data/PlaybackEngines/WindowsStandaloneSupport/UnityEditor.WindowsStandalone.Extensions.dll
Registered in 0.001883 seconds.
Native extension for WindowsStandalone target not found
Native extension for WebGL target not found
Refreshing native plugins compatible for Editor in 60.13 ms, found 2 plugins.
Preloading 0 native plugins for Editor in 0.00 ms.
Invoked RoslynAnalysisRunner static constructor.
RoslynAnalysisRunner will not be running.
RoslynAnalysisRunner has terminated.
Mono: successfully reloaded assembly
- Completed reload, in  2.907 seconds
Platform modules already initialized, skipping
Registering precompiled user dll's ...
Registered in 0.012622 seconds.
Begin MonoManager ReloadAssembly
Native extension for WindowsStandalone target not found
Native extension for WebGL target not found
Refreshing native plugins compatible for Editor in 65.24 ms, found 2 plugins.
Preloading 0 native plugins for Editor in 0.00 ms.
Invoked RoslynAnalysisRunner static constructor.
RoslynAnalysisRunner will not be running.
RoslynAnalysisRunner has terminated.
Mono: successfully reloaded assembly
- Completed reload, in  1.269 seconds
Platform modules already initialized, skipping
========================================================================
Worker process is ready to serve import requests
Shader 'Universal Render Pipeline/Particles/Lit': fallback shader 'Universal Render Pipeline/Particles/SimpleLit' not found
Launched and connected shader compiler UnityShaderCompiler.exe after 0.05 seconds
Refreshing native plugins compatible for Editor in 0.76 ms, found 2 plugins.
Preloading 0 native plugins for Editor in 0.00 ms.
Unloading 3056 Unused Serialized files (Serialized files now loaded: 0)
System memory in use before: 132.7 MB.
System memory in use after: 132.8 MB.

Unloading 42 unused Assets to reduce memory usage. Loaded Objects now: 3518.
Total: 3.539700 ms (FindLiveObjects: 0.495100 ms CreateObjectMapping: 0.101500 ms MarkObjects: 2.774600 ms  DeleteObjects: 0.167000 ms)

========================================================================
Received Import Request.
  path: Assets/Ani/Player_walk
  artifactKey: Guid(a58a3870e7af64240ba2a8be7bf5d6bf) Importer(815301076,1909f56bfc062723c751e8b465ee728b)
Start importing Assets/Ani/Player_walk using Guid(a58a3870e7af64240ba2a8be7bf5d6bf) Importer(815301076,1909f56bfc062723c751e8b465ee728b)  -> (artifact id: '3a4a7cce28a7b15afefbae7ef818e3d6') in 0.012011 seconds
  Import took 0.016737 seconds .

========================================================================
Received Import Request.
  Time since last request: 61.205891 seconds.
  path: Assets/Sprite/Player/Idle
  artifactKey: Guid(f0c24017e3a5c054a872db902e4ee9f8) Importer(815301076,1909f56bfc062723c751e8b465ee728b)
Start importing Assets/Sprite/Player/Idle using Guid(f0c24017e3a5c054a872db902e4ee9f8) Importer(815301076,1909f56bfc062723c751e8b465ee728b)  -> (artifact id: 'fffa5fe1dcffb7e2e457fd155fce1649') in 0.008308 seconds
  Import took 0.012853 seconds .

========================================================================
Received Import Request.
  Time since last request: 0.034019 seconds.
  path: Assets/Sprite/Player/Idle/Player_Idle 1.png
  artifactKey: Guid(cf61a1b3d2248a54e9dd7327a63ecbed) Importer(815301076,1909f56bfc062723c751e8b465ee728b)
Start importing Assets/Sprite/Player/Idle/Player_Idle 1.png using Guid(cf61a1b3d2248a54e9dd7327a63ecbed) Importer(815301076,1909f56bfc062723c751e8b465ee728b)  -> (artifact id: '6028664e4c1152d2e6d05021b8c34d7b') in 0.160934 seconds
  Import took 0.165559 seconds .

========================================================================
Received Import Request.
  Time since last request: 0.000225 seconds.
  path: Assets/Sprite/Player/Idle/Player_Idle.png
  artifactKey: Guid(b57c79eb2a6f92544bf3d891e7fa373d) Importer(815301076,1909f56bfc062723c751e8b465ee728b)
Start importing Assets/Sprite/Player/Idle/Player_Idle.png using Guid(b57c79eb2a6f92544bf3d891e7fa373d) Importer(815301076,1909f56bfc062723c751e8b465ee728b)  -> (artifact id: '37dd297196ceb98d6e2f1357c9709b0b') in 0.019611 seconds
  Import took 0.024062 seconds .

========================================================================
Received Import Request.
  Time since last request: 234.671473 seconds.
  path: Assets/Ani/Player_walk/Player_Idle.anim
  artifactKey: Guid(df5d8485e20dc274b8011944b169cd83) Importer(815301076,1909f56bfc062723c751e8b465ee728b)
Start importing Assets/Ani/Player_walk/Player_Idle.anim using Guid(df5d8485e20dc274b8011944b169cd83) Importer(815301076,1909f56bfc062723c751e8b465ee728b)  -> (artifact id: '341abc505c8cd8cd2ec89fb3b438ff11') in 0.008747 seconds
  Import took 0.014013 seconds .

========================================================================
Received Import Request.
  Time since last request: 0.021657 seconds.
  path: Assets/Ani/Player_walk/Player_Idle.anim
  artifactKey: Guid(df5d8485e20dc274b8011944b169cd83) Importer(815301076,1909f56bfc062723c751e8b465ee728b)
Start importing Assets/Ani/Player_walk/Player_Idle.anim using Guid(df5d8485e20dc274b8011944b169cd83) Importer(815301076,1909f56bfc062723c751e8b465ee728b)  -> (artifact id: '341abc505c8cd8cd2ec89fb3b438ff11') in 0.003645 seconds
  Import took 0.009390 seconds .

========================================================================
Received Prepare
Registering precompiled user dll's ...
Registered in 0.011860 seconds.
Begin MonoManager ReloadAssembly
Native extension for WindowsStandalone target not found
Native extension for WebGL target not found
Refreshing native plugins compatible for Editor in 0.84 ms, found 2 plugins.
Preloading 0 native plugins for Editor in 0.00 ms.
Invoked RoslynAnalysisRunner static constructor.
RoslynAnalysisRunner will not be running.
RoslynAnalysisRunner has terminated.
Mono: successfully reloaded assembly
- Completed reload, in  1.123 seconds
Platform modules already initialized, skipping
Shader 'Universal Render Pipeline/Particles/Lit': fallback shader 'Universal Render Pipeline/Particles/SimpleLit' not found
Refreshing native plugins compatible for Editor in 0.81 ms, found 2 plugins.
Preloading 0 native plugins for Editor in 0.00 ms.
Unloading 2994 Unused Serialized files (Serialized files now loaded: 0)
System memory in use before: 131.7 MB.
System memory in use after: 131.8 MB.

Unloading 30 unused Assets to reduce memory usage. Loaded Objects now: 3527.
Total: 3.158700 ms (FindLiveObjects: 0.354200 ms CreateObjectMapping: 0.087600 ms MarkObjects: 2.587700 ms  DeleteObjects: 0.127800 ms)

========================================================================
Received Import Request.
  Time since last request: 80.389774 seconds.
  path: Assets/Script/Player.cs
  artifactKey: Guid(e15a979adacb59048bb8138c748569a3) Importer(815301076,1909f56bfc062723c751e8b465ee728b)
Start importing Assets/Script/Player.cs using Guid(e15a979adacb59048bb8138c748569a3) Importer(815301076,1909f56bfc062723c751e8b465ee728b)  -> (artifact id: 'c0dc64820ca35452501609ea92a22c0a') in 0.019554 seconds
  Import took 0.024142 seconds .

========================================================================
Received Import Request.
  Time since last request: 0.015328 seconds.
  path: Assets/Script/Player.cs
  artifactKey: Guid(e15a979adacb59048bb8138c748569a3) Importer(815301076,1909f56bfc062723c751e8b465ee728b)
Start importing Assets/Script/Player.cs using Guid(e15a979adacb59048bb8138c748569a3) Importer(815301076,1909f56bfc062723c751e8b465ee728b)  -> (artifact id: 'c0dc64820ca35452501609ea92a22c0a') in 0.003057 seconds
  Import took 0.007795 seconds .

========================================================================
Received Prepare
Registering precompiled user dll's ...
Registered in 0.014311 seconds.
Begin MonoManager ReloadAssembly
Native extension for WindowsStandalone target not found
Native extension for WebGL target not found
Refreshing native plugins compatible for Editor in 1.04 ms, found 2 plugins.
Preloading 0 native plugins for Editor in 0.00 ms.
Invoked RoslynAnalysisRunner static constructor.
RoslynAnalysisRunner will not be running.
RoslynAnalysisRunner has terminated.
Mono: successfully reloaded assembly
- Completed reload, in  1.303 seconds
Platform modules already initialized, skipping
Shader 'Universal Render Pipeline/Particles/Lit': fallback shader 'Universal Render Pipeline/Particles/SimpleLit' not found
Refreshing native plugins compatible for Editor in 1.12 ms, found 2 plugins.
Preloading 0 native plugins for Editor in 0.00 ms.
Unloading 2994 Unused Serialized files (Serialized files now loaded: 0)
System memory in use before: 131.8 MB.
System memory in use after: 131.9 MB.

Unloading 30 unused Assets to reduce memory usage. Loaded Objects now: 3530.
Total: 4.397600 ms (FindLiveObjects: 0.602500 ms CreateObjectMapping: 0.121300 ms MarkObjects: 3.517000 ms  DeleteObjects: 0.155100 ms)

========================================================================
Received Import Request.
  Time since last request: 336.499906 seconds.
  path: Assets/Script/Player.cs
  artifactKey: Guid(e15a979adacb59048bb8138c748569a3) Importer(815301076,1909f56bfc062723c751e8b465ee728b)
Start importing Assets/Script/Player.cs using Guid(e15a979adacb59048bb8138c748569a3) Importer(815301076,1909f56bfc062723c751e8b465ee728b)  -> (artifact id: 'ddd18de9ac915f5f03a8d7fb3a02ab02') in 0.008901 seconds
  Import took 0.016785 seconds .

========================================================================
Received Import Request.
  Time since last request: 45.669359 seconds.
  path: Assets/Ani/Player_walk/Player_Idle 1.controller
  artifactKey: Guid(838e91f48c60642458bf9ec257f09301) Importer(815301076,1909f56bfc062723c751e8b465ee728b)
Start importing Assets/Ani/Player_walk/Player_Idle 1.controller using Guid(838e91f48c60642458bf9ec257f09301) Importer(815301076,1909f56bfc062723c751e8b465ee728b)  -> (artifact id: '9797b7284d91ba9f1f77b26591d1a7d1') in 0.020436 seconds
  Import took 0.025531 seconds .

========================================================================
Received Import Request.
  Time since last request: 156.039084 seconds.
  path: Assets/Ani/Player_walk/Player_Idle 2.controller
  artifactKey: Guid(e3bb3eef0db014f41af9886bd77c8249) Importer(815301076,1909f56bfc062723c751e8b465ee728b)
Start importing Assets/Ani/Player_walk/Player_Idle 2.controller using Guid(e3bb3eef0db014f41af9886bd77c8249) Importer(815301076,1909f56bfc062723c751e8b465ee728b)  -> (artifact id: '73960fac10fc9a51c0e34300db408237') in 0.009268 seconds
  Import took 0.014416 seconds .

========================================================================
Received Import Request.
  Time since last request: 0.003798 seconds.
  path: Assets/Ani/Player_walk/Player_Idle 2.controller
  artifactKey: Guid(e3bb3eef0db014f41af9886bd77c8249) Importer(815301076,1909f56bfc062723c751e8b465ee728b)
Start importing Assets/Ani/Player_walk/Player_Idle 2.controller using Guid(e3bb3eef0db014f41af9886bd77c8249) Importer(815301076,1909f56bfc062723c751e8b465ee728b)  -> (artifact id: '73960fac10fc9a51c0e34300db408237') in 0.004499 seconds
  Import took 0.009699 seconds .

========================================================================
Received Import Request.
  Time since last request: 17.923373 seconds.
  path: Assets/Ani/Player_walk/Player_Idle.controller
  artifactKey: Guid(e3bb3eef0db014f41af9886bd77c8249) Importer(815301076,1909f56bfc062723c751e8b465ee728b)
Start importing Assets/Ani/Player_walk/Player_Idle.controller using Guid(e3bb3eef0db014f41af9886bd77c8249) Importer(815301076,1909f56bfc062723c751e8b465ee728b)  -> (artifact id: '7bcdb5cc14667c93df24bb8cd0933c73') in 0.009019 seconds
  Import took 0.014443 seconds .

========================================================================
Received Import Request.
  Time since last request: 584.862557 seconds.
  path: Assets/Ani/Player_Ladder/chr_up
  artifactKey: Guid(4d3bdfb933f50284eb42ca0fa8facf26) Importer(815301076,1909f56bfc062723c751e8b465ee728b)
Start importing Assets/Ani/Player_Ladder/chr_up using Guid(4d3bdfb933f50284eb42ca0fa8facf26) Importer(815301076,1909f56bfc062723c751e8b465ee728b)  -> (artifact id: '92a9c2a2b8e9d90ea8c7dc85e40735d3') in 0.009425 seconds
  Import took 0.017411 seconds .

========================================================================
Received Import Request.
  Time since last request: 97.884781 seconds.
  path: Assets/Ani/Player_walk/MainChr
  artifactKey: Guid(7f30f6f0d333f2f4e8facd596ae6eff1) Importer(815301076,1909f56bfc062723c751e8b465ee728b)
Start importing Assets/Ani/Player_walk/MainChr using Guid(7f30f6f0d333f2f4e8facd596ae6eff1) Importer(815301076,1909f56bfc062723c751e8b465ee728b)  -> (artifact id: '18623bbfa7ea127f07fc7cbcb164b3ad') in 0.009572 seconds
  Import took 0.015772 seconds .

========================================================================
Received Prepare
Registering precompiled user dll's ...
Registered in 0.072616 seconds.
Begin MonoManager ReloadAssembly
Native extension for WindowsStandalone target not found
Native extension for WebGL target not found
Refreshing native plugins compatible for Editor in 0.70 ms, found 2 plugins.
Preloading 0 native plugins for Editor in 0.00 ms.
Invoked RoslynAnalysisRunner static constructor.
RoslynAnalysisRunner will not be running.
RoslynAnalysisRunner has terminated.
Mono: successfully reloaded assembly
- Completed reload, in  1.225 seconds
Platform modules already initialized, skipping
Shader 'Universal Render Pipeline/Particles/Lit': fallback shader 'Universal Render Pipeline/Particles/SimpleLit' not found
Refreshing native plugins compatible for Editor in 0.70 ms, found 2 plugins.
Preloading 0 native plugins for Editor in 0.00 ms.
Unloading 2994 Unused Serialized files (Serialized files now loaded: 0)
System memory in use before: 132.8 MB.
System memory in use after: 132.9 MB.

Unloading 30 unused Assets to reduce memory usage. Loaded Objects now: 3533.
Total: 5.093800 ms (FindLiveObjects: 1.438700 ms CreateObjectMapping: 0.196800 ms MarkObjects: 3.303100 ms  DeleteObjects: 0.153000 ms)

========================================================================
Received Prepare
Registering precompiled user dll's ...
Registered in 0.013315 seconds.
Begin MonoManager ReloadAssembly
Native extension for WindowsStandalone target not found
Native extension for WebGL target not found
Refreshing native plugins compatible for Editor in 0.70 ms, found 2 plugins.
Preloading 0 native plugins for Editor in 0.00 ms.
Invoked RoslynAnalysisRunner static constructor.
RoslynAnalysisRunner will not be running.
RoslynAnalysisRunner has terminated.
Mono: successfully reloaded assembly
- Completed reload, in  1.523 seconds
Platform modules already initialized, skipping
Shader 'Universal Render Pipeline/Particles/Lit': fallback shader 'Universal Render Pipeline/Particles/SimpleLit' not found
Refreshing native plugins compatible for Editor in 0.72 ms, found 2 plugins.
Preloading 0 native plugins for Editor in 0.00 ms.
Unloading 2994 Unused Serialized files (Serialized files now loaded: 0)
System memory in use before: 132.8 MB.
System memory in use after: 132.9 MB.

Unloading 30 unused Assets to reduce memory usage. Loaded Objects now: 3536.
Total: 2.640400 ms (FindLiveObjects: 0.378600 ms CreateObjectMapping: 0.076200 ms MarkObjects: 2.060700 ms  DeleteObjects: 0.123900 ms)

========================================================================
Received Prepare
Registering precompiled user dll's ...
Registered in 0.110973 seconds.
Begin MonoManager ReloadAssembly
Native extension for WindowsStandalone target not found
Native extension for WebGL target not found
Refreshing native plugins compatible for Editor in 1.26 ms, found 2 plugins.
Preloading 0 native plugins for Editor in 0.00 ms.
Invoked RoslynAnalysisRunner static constructor.
RoslynAnalysisRunner will not be running.
RoslynAnalysisRunner has terminated.
Mono: successfully reloaded assembly
- Completed reload, in  1.199 seconds
Platform modules already initialized, skipping
Shader 'Universal Render Pipeline/Particles/Lit': fallback shader 'Universal Render Pipeline/Particles/SimpleLit' not found
Refreshing native plugins compatible for Editor in 0.77 ms, found 2 plugins.
Preloading 0 native plugins for Editor in 0.00 ms.
Unloading 2994 Unused Serialized files (Serialized files now loaded: 0)
System memory in use before: 132.8 MB.
System memory in use after: 132.9 MB.

Unloading 30 unused Assets to reduce memory usage. Loaded Objects now: 3539.
Total: 3.019400 ms (FindLiveObjects: 0.410700 ms CreateObjectMapping: 0.075700 ms MarkObjects: 2.396500 ms  DeleteObjects: 0.134900 ms)

========================================================================
Received Import Request.
  Time since last request: 803.556043 seconds.
  path: Assets/Script/Ladder.cs
  artifactKey: Guid(301be77e9a0bfa94a830656611ab12d6) Importer(815301076,1909f56bfc062723c751e8b465ee728b)
Start importing Assets/Script/Ladder.cs using Guid(301be77e9a0bfa94a830656611ab12d6) Importer(815301076,1909f56bfc062723c751e8b465ee728b)  -> (artifact id: '9cacadcdb49bb7ff77d72a6d352ec0e6') in 0.035073 seconds
  Import took 0.044609 seconds .

========================================================================
Received Prepare
Registering precompiled user dll's ...
Registered in 0.015186 seconds.
Begin MonoManager ReloadAssembly
Native extension for WindowsStandalone target not found
Native extension for WebGL target not found
Refreshing native plugins compatible for Editor in 0.74 ms, found 2 plugins.
Preloading 0 native plugins for Editor in 0.00 ms.
Invoked RoslynAnalysisRunner static constructor.
RoslynAnalysisRunner will not be running.
RoslynAnalysisRunner has terminated.
Mono: successfully reloaded assembly
- Completed reload, in  1.283 seconds
Platform modules already initialized, skipping
Shader 'Universal Render Pipeline/Particles/Lit': fallback shader 'Universal Render Pipeline/Particles/SimpleLit' not found
Refreshing native plugins compatible for Editor in 1.03 ms, found 2 plugins.
Preloading 0 native plugins for Editor in 0.00 ms.
Unloading 2995 Unused Serialized files (Serialized files now loaded: 0)
System memory in use before: 132.9 MB.
System memory in use after: 133.0 MB.

Unloading 30 unused Assets to reduce memory usage. Loaded Objects now: 3543.
Total: 2.921200 ms (FindLiveObjects: 0.356400 ms CreateObjectMapping: 0.078000 ms MarkObjects: 2.340900 ms  DeleteObjects: 0.143500 ms)

========================================================================
Received Prepare
Registering precompiled user dll's ...
Registered in 0.077297 seconds.
Begin MonoManager ReloadAssembly
Native extension for WindowsStandalone target not found
Native extension for WebGL target not found
Refreshing native plugins compatible for Editor in 1.03 ms, found 2 plugins.
Preloading 0 native plugins for Editor in 0.00 ms.
Invoked RoslynAnalysisRunner static constructor.
RoslynAnalysisRunner will not be running.
RoslynAnalysisRunner has terminated.
Mono: successfully reloaded assembly
- Completed reload, in  1.168 seconds
Platform modules already initialized, skipping
Shader 'Universal Render Pipeline/Particles/Lit': fallback shader 'Universal Render Pipeline/Particles/SimpleLit' not found
Refreshing native plugins compatible for Editor in 0.73 ms, found 2 plugins.
Preloading 0 native plugins for Editor in 0.00 ms.
Unloading 2995 Unused Serialized files (Serialized files now loaded: 0)
System memory in use before: 132.8 MB.
System memory in use after: 132.9 MB.

Unloading 30 unused Assets to reduce memory usage. Loaded Objects now: 3546.
Total: 3.042100 ms (FindLiveObjects: 0.379500 ms CreateObjectMapping: 0.084600 ms MarkObjects: 2.444800 ms  DeleteObjects: 0.131400 ms)

========================================================================
Received Prepare
Registering precompiled user dll's ...
Registered in 0.015310 seconds.
Begin MonoManager ReloadAssembly
Native extension for WindowsStandalone target not found
Native extension for WebGL target not found
Refreshing native plugins compatible for Editor in 0.69 ms, found 2 plugins.
Preloading 0 native plugins for Editor in 0.00 ms.
Invoked RoslynAnalysisRunner static constructor.
RoslynAnalysisRunner will not be running.
RoslynAnalysisRunner has terminated.
Mono: successfully reloaded assembly
- Completed reload, in  1.185 seconds
Platform modules already initialized, skipping
Shader 'Universal Render Pipeline/Particles/Lit': fallback shader 'Universal Render Pipeline/Particles/SimpleLit' not found
Refreshing native plugins compatible for Editor in 0.85 ms, found 2 plugins.
Preloading 0 native plugins for Editor in 0.00 ms.
Unloading 2995 Unused Serialized files (Serialized files now loaded: 0)
System memory in use before: 132.9 MB.
System memory in use after: 133.0 MB.

Unloading 30 unused Assets to reduce memory usage. Loaded Objects now: 3549.
Total: 3.116800 ms (FindLiveObjects: 0.602100 ms CreateObjectMapping: 0.197400 ms MarkObjects: 2.179800 ms  DeleteObjects: 0.135900 ms)

========================================================================
Received Prepare
Registering precompiled user dll's ...
Registered in 0.016462 seconds.
Begin MonoManager ReloadAssembly
Native extension for WindowsStandalone target not found
Native extension for WebGL target not found
Refreshing native plugins compatible for Editor in 1.06 ms, found 2 plugins.
Preloading 0 native plugins for Editor in 0.00 ms.
Invoked RoslynAnalysisRunner static constructor.
RoslynAnalysisRunner will not be running.
RoslynAnalysisRunner has terminated.
Mono: successfully reloaded assembly
- Completed reload, in  1.225 seconds
Platform modules already initialized, skipping
Shader 'Universal Render Pipeline/Particles/Lit': fallback shader 'Universal Render Pipeline/Particles/SimpleLit' not found
Refreshing native plugins compatible for Editor in 0.78 ms, found 2 plugins.
Preloading 0 native plugins for Editor in 0.00 ms.
Unloading 2995 Unused Serialized files (Serialized files now loaded: 0)
System memory in use before: 132.8 MB.
System memory in use after: 132.9 MB.

Unloading 30 unused Assets to reduce memory usage. Loaded Objects now: 3552.
Total: 4.239700 ms (FindLiveObjects: 0.647700 ms CreateObjectMapping: 0.098700 ms MarkObjects: 3.183600 ms  DeleteObjects: 0.307600 ms)

========================================================================
Received Prepare
Registering precompiled user dll's ...
Registered in 0.013911 seconds.
Begin MonoManager ReloadAssembly
Native extension for WindowsStandalone target not found
Native extension for WebGL target not found
Refreshing native plugins compatible for Editor in 0.83 ms, found 2 plugins.
Preloading 0 native plugins for Editor in 0.00 ms.
Invoked RoslynAnalysisRunner static constructor.
RoslynAnalysisRunner will not be running.
RoslynAnalysisRunner has terminated.
Mono: successfully reloaded assembly
- Completed reload, in  1.166 seconds
Platform modules already initialized, skipping
Shader 'Universal Render Pipeline/Particles/Lit': fallback shader 'Universal Render Pipeline/Particles/SimpleLit' not found
Refreshing native plugins compatible for Editor in 1.03 ms, found 2 plugins.
Preloading 0 native plugins for Editor in 0.00 ms.
Unloading 2995 Unused Serialized files (Serialized files now loaded: 0)
System memory in use before: 132.9 MB.
System memory in use after: 133.0 MB.

Unloading 30 unused Assets to reduce memory usage. Loaded Objects now: 3555.
Total: 3.854700 ms (FindLiveObjects: 0.364900 ms CreateObjectMapping: 0.078000 ms MarkObjects: 3.274400 ms  DeleteObjects: 0.136100 ms)

========================================================================
Received Prepare
Registering precompiled user dll's ...
Registered in 0.081229 seconds.
Begin MonoManager ReloadAssembly
Native extension for WindowsStandalone target not found
Native extension for WebGL target not found
Refreshing native plugins compatible for Editor in 0.97 ms, found 2 plugins.
Preloading 0 native plugins for Editor in 0.00 ms.
Invoked RoslynAnalysisRunner static constructor.
RoslynAnalysisRunner will not be running.
RoslynAnalysisRunner has terminated.
Mono: successfully reloaded assembly
- Completed reload, in  1.136 seconds
Platform modules already initialized, skipping
Shader 'Universal Render Pipeline/Particles/Lit': fallback shader 'Universal Render Pipeline/Particles/SimpleLit' not found
Refreshing native plugins compatible for Editor in 0.91 ms, found 2 plugins.
Preloading 0 native plugins for Editor in 0.00 ms.
Unloading 2995 Unused Serialized files (Serialized files now loaded: 0)
System memory in use before: 132.8 MB.
System memory in use after: 132.9 MB.

Unloading 30 unused Assets to reduce memory usage. Loaded Objects now: 3558.
Total: 2.792900 ms (FindLiveObjects: 0.355600 ms CreateObjectMapping: 0.078700 ms MarkObjects: 2.203800 ms  DeleteObjects: 0.153600 ms)

========================================================================
Received Import Request.
  Time since last request: 848.907317 seconds.
  path: Assets/Ani/Player_walk/Player_Idle.controller
  artifactKey: Guid(e3bb3eef0db014f41af9886bd77c8249) Importer(815301076,1909f56bfc062723c751e8b465ee728b)
Start importing Assets/Ani/Player_walk/Player_Idle.controller using Guid(e3bb3eef0db014f41af9886bd77c8249) Importer(815301076,1909f56bfc062723c751e8b465ee728b)  -> (artifact id: '1965d6465544dd6b1089e72992b8f070') in 0.032094 seconds
  Import took 0.040919 seconds .

========================================================================
Received Prepare
Registering precompiled user dll's ...
Registered in 0.067392 seconds.
Begin MonoManager ReloadAssembly
Native extension for WindowsStandalone target not found
Native extension for WebGL target not found
Refreshing native plugins compatible for Editor in 0.71 ms, found 2 plugins.
Preloading 0 native plugins for Editor in 0.00 ms.
Invoked RoslynAnalysisRunner static constructor.
RoslynAnalysisRunner will not be running.
RoslynAnalysisRunner has terminated.
Mono: successfully reloaded assembly
- Completed reload, in  1.178 seconds
Platform modules already initialized, skipping
Shader 'Universal Render Pipeline/Particles/Lit': fallback shader 'Universal Render Pipeline/Particles/SimpleLit' not found
Refreshing native plugins compatible for Editor in 1.02 ms, found 2 plugins.
Preloading 0 native plugins for Editor in 0.00 ms.
Unloading 2995 Unused Serialized files (Serialized files now loaded: 0)
System memory in use before: 132.9 MB.
System memory in use after: 133.0 MB.

Unloading 30 unused Assets to reduce memory usage. Loaded Objects now: 3561.
Total: 5.281800 ms (FindLiveObjects: 0.567700 ms CreateObjectMapping: 0.229500 ms MarkObjects: 4.323500 ms  DeleteObjects: 0.159700 ms)

========================================================================
Received Prepare
Registering precompiled user dll's ...
Registered in 0.016000 seconds.
Begin MonoManager ReloadAssembly
Native extension for WindowsStandalone target not found
Native extension for WebGL target not found
Refreshing native plugins compatible for Editor in 0.69 ms, found 2 plugins.
Preloading 0 native plugins for Editor in 0.00 ms.
Invoked RoslynAnalysisRunner static constructor.
RoslynAnalysisRunner will not be running.
RoslynAnalysisRunner has terminated.
Mono: successfully reloaded assembly
- Completed reload, in  1.221 seconds
Platform modules already initialized, skipping
Shader 'Universal Render Pipeline/Particles/Lit': fallback shader 'Universal Render Pipeline/Particles/SimpleLit' not found
Refreshing native plugins compatible for Editor in 1.04 ms, found 2 plugins.
Preloading 0 native plugins for Editor in 0.00 ms.
Unloading 2995 Unused Serialized files (Serialized files now loaded: 0)
System memory in use before: 132.8 MB.
System memory in use after: 132.9 MB.

Unloading 30 unused Assets to reduce memory usage. Loaded Objects now: 3564.
Total: 4.275500 ms (FindLiveObjects: 0.562200 ms CreateObjectMapping: 0.108900 ms MarkObjects: 3.428500 ms  DeleteObjects: 0.174200 ms)

========================================================================
Received Prepare
Registering precompiled user dll's ...
Registered in 0.016189 seconds.
Begin MonoManager ReloadAssembly
Native extension for WindowsStandalone target not found
Native extension for WebGL target not found
Refreshing native plugins compatible for Editor in 0.69 ms, found 2 plugins.
Preloading 0 native plugins for Editor in 0.00 ms.
Invoked RoslynAnalysisRunner static constructor.
RoslynAnalysisRunner will not be running.
RoslynAnalysisRunner has terminated.
Mono: successfully reloaded assembly
- Completed reload, in  1.163 seconds
Platform modules already initialized, skipping
Shader 'Universal Render Pipeline/Particles/Lit': fallback shader 'Universal Render Pipeline/Particles/SimpleLit' not found
Refreshing native plugins compatible for Editor in 0.70 ms, found 2 plugins.
Preloading 0 native plugins for Editor in 0.00 ms.
Unloading 2995 Unused Serialized files (Serialized files now loaded: 0)
System memory in use before: 132.9 MB.
System memory in use after: 133.0 MB.

Unloading 30 unused Assets to reduce memory usage. Loaded Objects now: 3567.
Total: 3.479600 ms (FindLiveObjects: 0.725400 ms CreateObjectMapping: 0.234500 ms MarkObjects: 2.374500 ms  DeleteObjects: 0.144000 ms)

========================================================================
Received Prepare
Registering precompiled user dll's ...
Registered in 0.069588 seconds.
Begin MonoManager ReloadAssembly
Native extension for WindowsStandalone target not found
Native extension for WebGL target not found
Refreshing native plugins compatible for Editor in 0.69 ms, found 2 plugins.
Preloading 0 native plugins for Editor in 0.00 ms.
Invoked RoslynAnalysisRunner static constructor.
RoslynAnalysisRunner will not be running.
RoslynAnalysisRunner has terminated.
Mono: successfully reloaded assembly
- Completed reload, in  1.178 seconds
Platform modules already initialized, skipping
Shader 'Universal Render Pipeline/Particles/Lit': fallback shader 'Universal Render Pipeline/Particles/SimpleLit' not found
Refreshing native plugins compatible for Editor in 0.69 ms, found 2 plugins.
Preloading 0 native plugins for Editor in 0.00 ms.
Unloading 2995 Unused Serialized files (Serialized files now loaded: 0)
System memory in use before: 132.8 MB.
System memory in use after: 132.9 MB.

Unloading 30 unused Assets to reduce memory usage. Loaded Objects now: 3570.
Total: 2.857400 ms (FindLiveObjects: 0.471200 ms CreateObjectMapping: 0.108900 ms MarkObjects: 2.135000 ms  DeleteObjects: 0.140700 ms)

========================================================================
Received Prepare
Registering precompiled user dll's ...
Registered in 0.066665 seconds.
Begin MonoManager ReloadAssembly
Native extension for WindowsStandalone target not found
Native extension for WebGL target not found
Refreshing native plugins compatible for Editor in 0.70 ms, found 2 plugins.
Preloading 0 native plugins for Editor in 0.00 ms.
Invoked RoslynAnalysisRunner static constructor.
RoslynAnalysisRunner will not be running.
RoslynAnalysisRunner has terminated.
Mono: successfully reloaded assembly
- Completed reload, in  1.132 seconds
Platform modules already initialized, skipping
Shader 'Universal Render Pipeline/Particles/Lit': fallback shader 'Universal Render Pipeline/Particles/SimpleLit' not found
Refreshing native plugins compatible for Editor in 0.69 ms, found 2 plugins.
Preloading 0 native plugins for Editor in 0.00 ms.
Unloading 2995 Unused Serialized files (Serialized files now loaded: 0)
System memory in use before: 132.9 MB.
System memory in use after: 133.1 MB.

Unloading 30 unused Assets to reduce memory usage. Loaded Objects now: 3573.
Total: 2.788200 ms (FindLiveObjects: 0.338300 ms CreateObjectMapping: 0.072100 ms MarkObjects: 2.140800 ms  DeleteObjects: 0.235500 ms)

========================================================================
Received Prepare
Registering precompiled user dll's ...
Registered in 0.017418 seconds.
Begin MonoManager ReloadAssembly
Native extension for WindowsStandalone target not found
Native extension for WebGL target not found
Refreshing native plugins compatible for Editor in 0.83 ms, found 2 plugins.
Preloading 0 native plugins for Editor in 0.00 ms.
Invoked RoslynAnalysisRunner static constructor.
RoslynAnalysisRunner will not be running.
RoslynAnalysisRunner has terminated.
Mono: successfully reloaded assembly
- Completed reload, in  1.532 seconds
Platform modules already initialized, skipping
Shader 'Universal Render Pipeline/Particles/Lit': fallback shader 'Universal Render Pipeline/Particles/SimpleLit' not found
Refreshing native plugins compatible for Editor in 1.22 ms, found 2 plugins.
Preloading 0 native plugins for Editor in 0.00 ms.
Unloading 2995 Unused Serialized files (Serialized files now loaded: 0)
System memory in use before: 132.8 MB.
System memory in use after: 132.9 MB.

Unloading 30 unused Assets to reduce memory usage. Loaded Objects now: 3576.
Total: 5.410900 ms (FindLiveObjects: 0.511100 ms CreateObjectMapping: 0.178700 ms MarkObjects: 4.546800 ms  DeleteObjects: 0.172300 ms)

========================================================================
Received Prepare
Registering precompiled user dll's ...
Registered in 0.075717 seconds.
Begin MonoManager ReloadAssembly
Native extension for WindowsStandalone target not found
Native extension for WebGL target not found
Refreshing native plugins compatible for Editor in 0.71 ms, found 2 plugins.
Preloading 0 native plugins for Editor in 0.00 ms.
Invoked RoslynAnalysisRunner static constructor.
RoslynAnalysisRunner will not be running.
RoslynAnalysisRunner has terminated.
Mono: successfully reloaded assembly
- Completed reload, in  1.154 seconds
Platform modules already initialized, skipping
Shader 'Universal Render Pipeline/Particles/Lit': fallback shader 'Universal Render Pipeline/Particles/SimpleLit' not found
Refreshing native plugins compatible for Editor in 0.69 ms, found 2 plugins.
Preloading 0 native plugins for Editor in 0.00 ms.
Unloading 2995 Unused Serialized files (Serialized files now loaded: 0)
System memory in use before: 133.0 MB.
System memory in use after: 133.1 MB.

Unloading 30 unused Assets to reduce memory usage. Loaded Objects now: 3579.
Total: 3.031300 ms (FindLiveObjects: 0.507000 ms CreateObjectMapping: 0.110100 ms MarkObjects: 2.275600 ms  DeleteObjects: 0.136900 ms)

========================================================================
Received Prepare
Registering precompiled user dll's ...
Registered in 0.062785 seconds.
Begin MonoManager ReloadAssembly
Native extension for WindowsStandalone target not found
Native extension for WebGL target not found
Refreshing native plugins compatible for Editor in 0.95 ms, found 2 plugins.
Preloading 0 native plugins for Editor in 0.00 ms.
Invoked RoslynAnalysisRunner static constructor.
RoslynAnalysisRunner will not be running.
RoslynAnalysisRunner has terminated.
Mono: successfully reloaded assembly
- Completed reload, in  1.246 seconds
Platform modules already initialized, skipping
Shader 'Universal Render Pipeline/Particles/Lit': fallback shader 'Universal Render Pipeline/Particles/SimpleLit' not found
Refreshing native plugins compatible for Editor in 0.70 ms, found 2 plugins.
Preloading 0 native plugins for Editor in 0.00 ms.
Unloading 2995 Unused Serialized files (Serialized files now loaded: 0)
System memory in use before: 132.8 MB.
System memory in use after: 132.9 MB.

Unloading 30 unused Assets to reduce memory usage. Loaded Objects now: 3582.
Total: 3.752200 ms (FindLiveObjects: 0.488300 ms CreateObjectMapping: 0.104000 ms MarkObjects: 2.946600 ms  DeleteObjects: 0.209900 ms)

========================================================================
Received Prepare
Registering precompiled user dll's ...
Registered in 0.102103 seconds.
Begin MonoManager ReloadAssembly
Native extension for WindowsStandalone target not found
Native extension for WebGL target not found
Refreshing native plugins compatible for Editor in 0.69 ms, found 2 plugins.
Preloading 0 native plugins for Editor in 0.00 ms.
Invoked RoslynAnalysisRunner static constructor.
RoslynAnalysisRunner will not be running.
RoslynAnalysisRunner has terminated.
Mono: successfully reloaded assembly
- Completed reload, in  1.218 seconds
Platform modules already initialized, skipping
Shader 'Universal Render Pipeline/Particles/Lit': fallback shader 'Universal Render Pipeline/Particles/SimpleLit' not found
Refreshing native plugins compatible for Editor in 0.72 ms, found 2 plugins.
Preloading 0 native plugins for Editor in 0.00 ms.
Unloading 2995 Unused Serialized files (Serialized files now loaded: 0)
System memory in use before: 133.0 MB.
System memory in use after: 133.1 MB.

Unloading 30 unused Assets to reduce memory usage. Loaded Objects now: 3585.
Total: 2.633600 ms (FindLiveObjects: 0.366800 ms CreateObjectMapping: 0.073800 ms MarkObjects: 2.055300 ms  DeleteObjects: 0.136300 ms)

========================================================================
Received Prepare
Registering precompiled user dll's ...
Registered in 0.073808 seconds.
Begin MonoManager ReloadAssembly
Native extension for WindowsStandalone target not found
Native extension for WebGL target not found
Refreshing native plugins compatible for Editor in 0.77 ms, found 2 plugins.
Preloading 0 native plugins for Editor in 0.00 ms.
Invoked RoslynAnalysisRunner static constructor.
RoslynAnalysisRunner will not be running.
RoslynAnalysisRunner has terminated.
Mono: successfully reloaded assembly
- Completed reload, in  1.154 seconds
Platform modules already initialized, skipping
Shader 'Universal Render Pipeline/Particles/Lit': fallback shader 'Universal Render Pipeline/Particles/SimpleLit' not found
Refreshing native plugins compatible for Editor in 0.73 ms, found 2 plugins.
Preloading 0 native plugins for Editor in 0.00 ms.
Unloading 2995 Unused Serialized files (Serialized files now loaded: 0)
System memory in use before: 132.8 MB.
System memory in use after: 132.9 MB.

Unloading 30 unused Assets to reduce memory usage. Loaded Objects now: 3588.
Total: 3.187700 ms (FindLiveObjects: 0.527100 ms CreateObjectMapping: 0.104500 ms MarkObjects: 2.385000 ms  DeleteObjects: 0.169900 ms)

========================================================================
Received Prepare
Registering precompiled user dll's ...
Registered in 0.056493 seconds.
Begin MonoManager ReloadAssembly
Native extension for WindowsStandalone target not found
Native extension for WebGL target not found
Refreshing native plugins compatible for Editor in 0.86 ms, found 2 plugins.
Preloading 0 native plugins for Editor in 0.00 ms.
Invoked RoslynAnalysisRunner static constructor.
RoslynAnalysisRunner will not be running.
RoslynAnalysisRunner has terminated.
Mono: successfully reloaded assembly
- Completed reload, in  1.194 seconds
Platform modules already initialized, skipping
Shader 'Universal Render Pipeline/Particles/Lit': fallback shader 'Universal Render Pipeline/Particles/SimpleLit' not found
Refreshing native plugins compatible for Editor in 0.73 ms, found 2 plugins.
Preloading 0 native plugins for Editor in 0.00 ms.
Unloading 2995 Unused Serialized files (Serialized files now loaded: 0)
System memory in use before: 133.0 MB.
System memory in use after: 133.1 MB.

Unloading 30 unused Assets to reduce memory usage. Loaded Objects now: 3591.
Total: 3.252100 ms (FindLiveObjects: 0.550700 ms CreateObjectMapping: 0.232000 ms MarkObjects: 2.319900 ms  DeleteObjects: 0.148400 ms)

========================================================================
Received Import Request.
  Time since last request: 2923.256280 seconds.
  path: Assets/Script/Shelter.cs
  artifactKey: Guid(aea31fe197afffe409d916f20e512b9b) Importer(815301076,1909f56bfc062723c751e8b465ee728b)
Start importing Assets/Script/Shelter.cs using Guid(aea31fe197afffe409d916f20e512b9b) Importer(815301076,1909f56bfc062723c751e8b465ee728b)  -> (artifact id: 'c83bc8e1b464671475ddf44a3bf87217') in 0.015663 seconds
  Import took 0.023220 seconds .

========================================================================
Received Prepare
Registering precompiled user dll's ...
Registered in 0.016775 seconds.
Begin MonoManager ReloadAssembly
Native extension for WindowsStandalone target not found
Native extension for WebGL target not found
Refreshing native plugins compatible for Editor in 0.90 ms, found 2 plugins.
Preloading 0 native plugins for Editor in 0.00 ms.
Invoked RoslynAnalysisRunner static constructor.
RoslynAnalysisRunner will not be running.
RoslynAnalysisRunner has terminated.
Mono: successfully reloaded assembly
- Completed reload, in  1.148 seconds
Platform modules already initialized, skipping
Shader 'Universal Render Pipeline/Particles/Lit': fallback shader 'Universal Render Pipeline/Particles/SimpleLit' not found
Refreshing native plugins compatible for Editor in 1.00 ms, found 2 plugins.
Preloading 0 native plugins for Editor in 0.00 ms.
Unloading 2995 Unused Serialized files (Serialized files now loaded: 0)
System memory in use before: 132.8 MB.
System memory in use after: 132.9 MB.

Unloading 30 unused Assets to reduce memory usage. Loaded Objects now: 3594.
Total: 2.628300 ms (FindLiveObjects: 0.347400 ms CreateObjectMapping: 0.076300 ms MarkObjects: 2.076500 ms  DeleteObjects: 0.127200 ms)

========================================================================
Received Prepare
Registering precompiled user dll's ...
Registered in 0.015252 seconds.
Begin MonoManager ReloadAssembly
Native extension for WindowsStandalone target not found
Native extension for WebGL target not found
Refreshing native plugins compatible for Editor in 0.81 ms, found 2 plugins.
Preloading 0 native plugins for Editor in 0.00 ms.
Invoked RoslynAnalysisRunner static constructor.
RoslynAnalysisRunner will not be running.
RoslynAnalysisRunner has terminated.
Mono: successfully reloaded assembly
- Completed reload, in  1.280 seconds
Platform modules already initialized, skipping
Shader 'Universal Render Pipeline/Particles/Lit': fallback shader 'Universal Render Pipeline/Particles/SimpleLit' not found
Refreshing native plugins compatible for Editor in 0.75 ms, found 2 plugins.
Preloading 0 native plugins for Editor in 0.00 ms.
Unloading 2995 Unused Serialized files (Serialized files now loaded: 0)
System memory in use before: 133.0 MB.
System memory in use after: 133.1 MB.

Unloading 30 unused Assets to reduce memory usage. Loaded Objects now: 3597.
Total: 3.311500 ms (FindLiveObjects: 0.524800 ms CreateObjectMapping: 0.103300 ms MarkObjects: 2.529900 ms  DeleteObjects: 0.152500 ms)

========================================================================
Received Import Request.
  Time since last request: 186.339564 seconds.
  path: Assets/Sprite/Player
  artifactKey: Guid(e0c5d3610498dd744960efe52a23166a) Importer(815301076,1909f56bfc062723c751e8b465ee728b)
Start importing Assets/Sprite/Player using Guid(e0c5d3610498dd744960efe52a23166a) Importer(815301076,1909f56bfc062723c751e8b465ee728b)  -> (artifact id: '5c7107b07e3d2d5567f20eda94f4d7d3') in 0.012868 seconds
  Import took 0.018533 seconds .

========================================================================
Received Import Request.
  Time since last request: 1.738906 seconds.
  path: Assets/Sprite/Player/Hide
  artifactKey: Guid(31d4abe7ff64db7458e88739a84d7b65) Importer(815301076,1909f56bfc062723c751e8b465ee728b)
Start importing Assets/Sprite/Player/Hide using Guid(31d4abe7ff64db7458e88739a84d7b65) Importer(815301076,1909f56bfc062723c751e8b465ee728b)  -> (artifact id: '14d27838ce61cdd98483640ebaf10796') in 0.009833 seconds
  Import took 0.014805 seconds .

========================================================================
Received Import Request.
  Time since last request: 0.067616 seconds.
  path: Assets/Sprite/Player/Hide/Player_Hide.png
  artifactKey: Guid(018ab8daf3678414bb72f524298240d8) Importer(815301076,1909f56bfc062723c751e8b465ee728b)
Start importing Assets/Sprite/Player/Hide/Player_Hide.png using Guid(018ab8daf3678414bb72f524298240d8) Importer(815301076,1909f56bfc062723c751e8b465ee728b)  -> (artifact id: '1069ac44bd48e4a6f8d81695cedb9147') in 0.068671 seconds
  Import took 0.073975 seconds .

========================================================================
Received Import Request.
  Time since last request: 3.951815 seconds.
  path: Assets/Sprite/Player/Hide/Player_Hide 1.png
  artifactKey: Guid(82d24296e7998e14c8c055274a17eee6) Importer(815301076,1909f56bfc062723c751e8b465ee728b)
Start importing Assets/Sprite/Player/Hide/Player_Hide 1.png using Guid(82d24296e7998e14c8c055274a17eee6) Importer(815301076,1909f56bfc062723c751e8b465ee728b)  -> (artifact id: '20ce07f135a4af0cb6028b51aba481cc') in 0.018903 seconds
  Import took 0.025467 seconds .

========================================================================
Received Prepare
Registering precompiled user dll's ...
Registered in 0.016463 seconds.
Begin MonoManager ReloadAssembly
Native extension for WindowsStandalone target not found
Native extension for WebGL target not found
Refreshing native plugins compatible for Editor in 1.17 ms, found 2 plugins.
Preloading 0 native plugins for Editor in 0.00 ms.
Invoked RoslynAnalysisRunner static constructor.
RoslynAnalysisRunner will not be running.
RoslynAnalysisRunner has terminated.
Mono: successfully reloaded assembly
- Completed reload, in  1.344 seconds
Platform modules already initialized, skipping
Shader 'Universal Render Pipeline/Particles/Lit': fallback shader 'Universal Render Pipeline/Particles/SimpleLit' not found
Refreshing native plugins compatible for Editor in 1.19 ms, found 2 plugins.
Preloading 0 native plugins for Editor in 0.00 ms.
Unloading 2995 Unused Serialized files (Serialized files now loaded: 0)
System memory in use before: 132.8 MB.
System memory in use after: 132.9 MB.

Unloading 30 unused Assets to reduce memory usage. Loaded Objects now: 3603.
Total: 4.373200 ms (FindLiveObjects: 0.730000 ms CreateObjectMapping: 0.306400 ms MarkObjects: 3.182700 ms  DeleteObjects: 0.152500 ms)

========================================================================
Received Import Request.
  Time since last request: 603.920561 seconds.
  path: Assets/Ani/Player_Hide
  artifactKey: Guid(4631c84b8a2462147b327274d54f2b6b) Importer(815301076,1909f56bfc062723c751e8b465ee728b)
Start importing Assets/Ani/Player_Hide using Guid(4631c84b8a2462147b327274d54f2b6b) Importer(815301076,1909f56bfc062723c751e8b465ee728b)  -> (artifact id: 'a3864fbb524f644f60afa47ac19e92e1') in 0.008799 seconds
  Import took 0.014024 seconds .

========================================================================
Received Import Request.
  Time since last request: 0.001458 seconds.
  path: Assets/Ani/Player_Hide
  artifactKey: Guid(4631c84b8a2462147b327274d54f2b6b) Importer(815301076,1909f56bfc062723c751e8b465ee728b)
Start importing Assets/Ani/Player_Hide using Guid(4631c84b8a2462147b327274d54f2b6b) Importer(815301076,1909f56bfc062723c751e8b465ee728b)  -> (artifact id: 'a3864fbb524f644f60afa47ac19e92e1') in 0.003973 seconds
  Import took 0.008502 seconds .

========================================================================
Received Import Request.
  Time since last request: 0.649421 seconds.
  path: Assets/Ani/Player_Hide/Player_Hide.anim
  artifactKey: Guid(12afdc1d7ea1cd043a533df30e7df3b8) Importer(815301076,1909f56bfc062723c751e8b465ee728b)
Start importing Assets/Ani/Player_Hide/Player_Hide.anim using Guid(12afdc1d7ea1cd043a533df30e7df3b8) Importer(815301076,1909f56bfc062723c751e8b465ee728b)  -> (artifact id: '5911f334d63ed9bd42fd9fe8237f895f') in 0.014779 seconds
  Import took 0.020576 seconds .

========================================================================
Received Import Request.
  Time since last request: 54.852885 seconds.
  path: Assets/Ani/Player_walk/Player_Idle.controller
  artifactKey: Guid(e3bb3eef0db014f41af9886bd77c8249) Importer(815301076,1909f56bfc062723c751e8b465ee728b)
Start importing Assets/Ani/Player_walk/Player_Idle.controller using Guid(e3bb3eef0db014f41af9886bd77c8249) Importer(815301076,1909f56bfc062723c751e8b465ee728b)  -> (artifact id: '787c36f08f63606e9d8f791040ee145c') in 0.008793 seconds
  Import took 0.014892 seconds .

========================================================================
Received Import Request.
  Time since last request: 0.001009 seconds.
  path: Assets/Ani/Player_walk/Player_Idle.controller
  artifactKey: Guid(e3bb3eef0db014f41af9886bd77c8249) Importer(815301076,1909f56bfc062723c751e8b465ee728b)
Start importing Assets/Ani/Player_walk/Player_Idle.controller using Guid(e3bb3eef0db014f41af9886bd77c8249) Importer(815301076,1909f56bfc062723c751e8b465ee728b)  -> (artifact id: '787c36f08f63606e9d8f791040ee145c') in 0.007836 seconds
  Import took 0.014405 seconds .

========================================================================
Received Prepare
Registering precompiled user dll's ...
Registered in 0.016581 seconds.
Begin MonoManager ReloadAssembly
Native extension for WindowsStandalone target not found
Native extension for WebGL target not found
Refreshing native plugins compatible for Editor in 0.70 ms, found 2 plugins.
Preloading 0 native plugins for Editor in 0.00 ms.
Invoked RoslynAnalysisRunner static constructor.
RoslynAnalysisRunner will not be running.
RoslynAnalysisRunner has terminated.
Mono: successfully reloaded assembly
- Completed reload, in  1.166 seconds
Platform modules already initialized, skipping
Shader 'Universal Render Pipeline/Particles/Lit': fallback shader 'Universal Render Pipeline/Particles/SimpleLit' not found
Refreshing native plugins compatible for Editor in 0.75 ms, found 2 plugins.
Preloading 0 native plugins for Editor in 0.00 ms.
Unloading 2995 Unused Serialized files (Serialized files now loaded: 0)
System memory in use before: 133.0 MB.
System memory in use after: 133.2 MB.

Unloading 30 unused Assets to reduce memory usage. Loaded Objects now: 3606.
Total: 2.835500 ms (FindLiveObjects: 0.374300 ms CreateObjectMapping: 0.078700 ms MarkObjects: 2.242000 ms  DeleteObjects: 0.139400 ms)

========================================================================
Received Prepare
Registering precompiled user dll's ...
Registered in 0.016005 seconds.
Begin MonoManager ReloadAssembly
Native extension for WindowsStandalone target not found
Native extension for WebGL target not found
Refreshing native plugins compatible for Editor in 0.72 ms, found 2 plugins.
Preloading 0 native plugins for Editor in 0.00 ms.
Invoked RoslynAnalysisRunner static constructor.
RoslynAnalysisRunner will not be running.
RoslynAnalysisRunner has terminated.
Mono: successfully reloaded assembly
- Completed reload, in  1.243 seconds
Platform modules already initialized, skipping
Shader 'Universal Render Pipeline/Particles/Lit': fallback shader 'Universal Render Pipeline/Particles/SimpleLit' not found
Refreshing native plugins compatible for Editor in 1.02 ms, found 2 plugins.
Preloading 0 native plugins for Editor in 0.00 ms.
Unloading 2995 Unused Serialized files (Serialized files now loaded: 0)
System memory in use before: 132.8 MB.
System memory in use after: 132.9 MB.

Unloading 30 unused Assets to reduce memory usage. Loaded Objects now: 3609.
Total: 3.410400 ms (FindLiveObjects: 0.575100 ms CreateObjectMapping: 0.168500 ms MarkObjects: 2.510100 ms  DeleteObjects: 0.155300 ms)

========================================================================
Received Prepare
Registering precompiled user dll's ...
Registered in 0.016438 seconds.
Begin MonoManager ReloadAssembly
Native extension for WindowsStandalone target not found
Native extension for WebGL target not found
Refreshing native plugins compatible for Editor in 0.89 ms, found 2 plugins.
Preloading 0 native plugins for Editor in 0.00 ms.
Invoked RoslynAnalysisRunner static constructor.
RoslynAnalysisRunner will not be running.
RoslynAnalysisRunner has terminated.
Mono: successfully reloaded assembly
- Completed reload, in  1.281 seconds
Platform modules already initialized, skipping
Shader 'Universal Render Pipeline/Particles/Lit': fallback shader 'Universal Render Pipeline/Particles/SimpleLit' not found
Refreshing native plugins compatible for Editor in 1.19 ms, found 2 plugins.
Preloading 0 native plugins for Editor in 0.00 ms.
Unloading 2995 Unused Serialized files (Serialized files now loaded: 0)
System memory in use before: 133.0 MB.
System memory in use after: 133.2 MB.

Unloading 30 unused Assets to reduce memory usage. Loaded Objects now: 3612.
Total: 3.917500 ms (FindLiveObjects: 0.967000 ms CreateObjectMapping: 0.152600 ms MarkObjects: 2.653500 ms  DeleteObjects: 0.142700 ms)

========================================================================
Received Prepare
Registering precompiled user dll's ...
Registered in 0.016424 seconds.
Begin MonoManager ReloadAssembly
Native extension for WindowsStandalone target not found
Native extension for WebGL target not found
Refreshing native plugins compatible for Editor in 0.68 ms, found 2 plugins.
Preloading 0 native plugins for Editor in 0.00 ms.
Invoked RoslynAnalysisRunner static constructor.
RoslynAnalysisRunner will not be running.
RoslynAnalysisRunner has terminated.
Mono: successfully reloaded assembly
- Completed reload, in  1.157 seconds
Platform modules already initialized, skipping
Shader 'Universal Render Pipeline/Particles/Lit': fallback shader 'Universal Render Pipeline/Particles/SimpleLit' not found
Refreshing native plugins compatible for Editor in 0.71 ms, found 2 plugins.
Preloading 0 native plugins for Editor in 0.00 ms.
Unloading 2995 Unused Serialized files (Serialized files now loaded: 0)
System memory in use before: 132.8 MB.
System memory in use after: 132.9 MB.

Unloading 30 unused Assets to reduce memory usage. Loaded Objects now: 3615.
Total: 2.767500 ms (FindLiveObjects: 0.501700 ms CreateObjectMapping: 0.111400 ms MarkObjects: 2.019000 ms  DeleteObjects: 0.134000 ms)

========================================================================
Received Prepare
Registering precompiled user dll's ...
Registered in 0.015787 seconds.
Begin MonoManager ReloadAssembly
Native extension for WindowsStandalone target not found
Native extension for WebGL target not found
Refreshing native plugins compatible for Editor in 1.01 ms, found 2 plugins.
Preloading 0 native plugins for Editor in 0.00 ms.
Invoked RoslynAnalysisRunner static constructor.
RoslynAnalysisRunner will not be running.
RoslynAnalysisRunner has terminated.
Mono: successfully reloaded assembly
- Completed reload, in  1.261 seconds
Platform modules already initialized, skipping
Shader 'Universal Render Pipeline/Particles/Lit': fallback shader 'Universal Render Pipeline/Particles/SimpleLit' not found
Refreshing native plugins compatible for Editor in 0.95 ms, found 2 plugins.
Preloading 0 native plugins for Editor in 0.00 ms.
Unloading 2995 Unused Serialized files (Serialized files now loaded: 0)
System memory in use before: 133.1 MB.
System memory in use after: 133.2 MB.

Unloading 30 unused Assets to reduce memory usage. Loaded Objects now: 3618.
Total: 4.765900 ms (FindLiveObjects: 0.407100 ms CreateObjectMapping: 0.106800 ms MarkObjects: 4.035400 ms  DeleteObjects: 0.213300 ms)

========================================================================
Received Prepare
Registering precompiled user dll's ...
Registered in 0.075965 seconds.
Begin MonoManager ReloadAssembly
Native extension for WindowsStandalone target not found
Native extension for WebGL target not found
Refreshing native plugins compatible for Editor in 0.72 ms, found 2 plugins.
Preloading 0 native plugins for Editor in 0.00 ms.
Invoked RoslynAnalysisRunner static constructor.
RoslynAnalysisRunner will not be running.
RoslynAnalysisRunner has terminated.
Mono: successfully reloaded assembly
- Completed reload, in  1.157 seconds
Platform modules already initialized, skipping
Shader 'Universal Render Pipeline/Particles/Lit': fallback shader 'Universal Render Pipeline/Particles/SimpleLit' not found
Refreshing native plugins compatible for Editor in 1.09 ms, found 2 plugins.
Preloading 0 native plugins for Editor in 0.00 ms.
Unloading 2995 Unused Serialized files (Serialized files now loaded: 0)
System memory in use before: 132.8 MB.
System memory in use after: 132.9 MB.

Unloading 30 unused Assets to reduce memory usage. Loaded Objects now: 3621.
Total: 3.013400 ms (FindLiveObjects: 0.388100 ms CreateObjectMapping: 0.078700 ms MarkObjects: 2.392200 ms  DeleteObjects: 0.153100 ms)

========================================================================
Received Prepare
Registering precompiled user dll's ...
Registered in 0.018022 seconds.
Begin MonoManager ReloadAssembly
Native extension for WindowsStandalone target not found
Native extension for WebGL target not found
Refreshing native plugins compatible for Editor in 0.99 ms, found 2 plugins.
Preloading 0 native plugins for Editor in 0.00 ms.
Invoked RoslynAnalysisRunner static constructor.
RoslynAnalysisRunner will not be running.
RoslynAnalysisRunner has terminated.
Mono: successfully reloaded assembly
- Completed reload, in  1.327 seconds
Platform modules already initialized, skipping
Shader 'Universal Render Pipeline/Particles/Lit': fallback shader 'Universal Render Pipeline/Particles/SimpleLit' not found
Refreshing native plugins compatible for Editor in 0.97 ms, found 2 plugins.
Preloading 0 native plugins for Editor in 0.00 ms.
Unloading 2995 Unused Serialized files (Serialized files now loaded: 0)
System memory in use before: 133.1 MB.
System memory in use after: 133.2 MB.

Unloading 30 unused Assets to reduce memory usage. Loaded Objects now: 3624.
Total: 5.703900 ms (FindLiveObjects: 0.678700 ms CreateObjectMapping: 0.251900 ms MarkObjects: 4.577200 ms  DeleteObjects: 0.194000 ms)

========================================================================
Received Prepare
Registering precompiled user dll's ...
Registered in 0.021090 seconds.
Begin MonoManager ReloadAssembly
Native extension for WindowsStandalone target not found
Native extension for WebGL target not found
Refreshing native plugins compatible for Editor in 1.11 ms, found 2 plugins.
Preloading 0 native plugins for Editor in 0.00 ms.
Invoked RoslynAnalysisRunner static constructor.
RoslynAnalysisRunner will not be running.
RoslynAnalysisRunner has terminated.
Mono: successfully reloaded assembly
- Completed reload, in  1.168 seconds
Platform modules already initialized, skipping
Shader 'Universal Render Pipeline/Particles/Lit': fallback shader 'Universal Render Pipeline/Particles/SimpleLit' not found
Refreshing native plugins compatible for Editor in 0.70 ms, found 2 plugins.
Preloading 0 native plugins for Editor in 0.00 ms.
Unloading 2995 Unused Serialized files (Serialized files now loaded: 0)
System memory in use before: 132.8 MB.
System memory in use after: 132.9 MB.

Unloading 30 unused Assets to reduce memory usage. Loaded Objects now: 3627.
Total: 2.799400 ms (FindLiveObjects: 0.386200 ms CreateObjectMapping: 0.078300 ms MarkObjects: 2.202400 ms  DeleteObjects: 0.131300 ms)

AssetImportWorkerClient::OnTransportError - code=2 error=End of file
